<?xml version="1.0" encoding="UTF-8"?>
<!-- Generated by org.testng.reporters.JUnitReportReporter -->
<testsuite hostname="DESKTOP-6VKSR66" failures="0" tests="3" name="com.qa.tests.BasicTest" time="12.673" errors="0" timestamp="2020-10-30T23:39:32 IST" skipped="0">
  <testcase classname="com.qa.tests.BasicTest" name="test3" time="4.349"/>
  <system-out/>
  <testcase classname="com.qa.tests.BasicTest" name="test1" time="4.288"/>
  <system-out/>
  <testcase classname="com.qa.tests.BasicTest" name="test2" time="4.036"/>
  <system-out/>
</testsuite> <!-- com.qa.tests.BasicTest -->
